
The following have been reloaded with a version change:
  1) FFTW/3.3.6-intel-2017a => FFTW/3.3.7-gompi-2018a
  2) GCCcore/6.3.0 => GCCcore/6.4.0
  3) GMP/6.1.2-GCCcore-6.3.0 => GMP/6.1.2-GCCcore-6.4.0
  4) Python/2.7.13-intel-2017a => Python/2.7.14-foss-2018a
  5) SQLite/3.17.0-GCCcore-6.3.0 => SQLite/3.21.0-GCCcore-6.4.0
  6) Tcl/8.6.6-GCCcore-6.3.0 => Tcl/8.6.8-GCCcore-6.4.0
  7) binutils/2.27-GCCcore-6.3.0 => binutils/2.28-GCCcore-6.4.0
  8) bzip2/1.0.6-GCCcore-6.3.0 => bzip2/1.0.6-GCCcore-6.4.0
  9) libffi/3.2.1-GCCcore-6.3.0 => libffi/3.2.1-GCCcore-6.4.0
 10) libreadline/7.0-GCCcore-6.3.0 => libreadline/7.0-GCCcore-6.4.0
 11) ncurses/6.0-GCCcore-6.3.0 => ncurses/6.0-GCCcore-6.4.0
 12) zlib/1.2.11-GCCcore-6.3.0 => zlib/1.2.11-GCCcore-6.4.0


*** Using custom R package library location for 3.5.X ***


*** Successfully loaded .Rprofile ***


Attaching package: ‘dplyr’

The following objects are masked from ‘package:stats’:

    filter, lag

The following objects are masked from ‘package:base’:

    intersect, setdiff, setequal, union

