[1] "Fri Jun 26 12:43:35 2020"
[1] ‘1.24.2’
[1] ‘1.4.3’
[1] ‘0.8.3’
[1] ‘3.1.0’
[1] ‘1.0.0’

 Getting plot data ready for dataset 1 

 Collapsing ASVs by Genus: 
phyloseq-class experiment-level object
otu_table()   OTU Table:         [ 445 taxa and 333 samples ]
sample_data() Sample Data:       [ 333 samples by 53 sample variables ]
tax_table()   Taxonomy Table:    [ 445 taxa by 7 taxonomic ranks ]
phy_tree()    Phylogenetic Tree: [ 445 tips and 444 internal nodes ]

 Genera counts transformed to proportions! 

 Extracting target genera: 
 [1] "Agathobacter"                 "Faecalibacterium"            
 [3] "Bifidobacterium"              "Blautia"                     
 [5] "Roseburia"                    "Fusicatenibacter"            
 [7] "Prevotella"                   "Lachnospira"                 
 [9] "Corynebacterium_1"            "Butyricicoccus"              
[11] "Lachnospiraceae_ND3007_group" "Porphyromonas"               
[13] "Lactobacillus"                "Lachnospiraceae_UCG-004"     
[15] "Oscillospira"                

 Getting plot data ready for dataset 2 

 Collapsing ASVs by Genus: 
phyloseq-class experiment-level object
otu_table()   OTU Table:         [ 561 taxa and 507 samples ]
sample_data() Sample Data:       [ 507 samples by 47 sample variables ]
tax_table()   Taxonomy Table:    [ 561 taxa by 7 taxonomic ranks ]
phy_tree()    Phylogenetic Tree: [ 561 tips and 560 internal nodes ]

 Genera counts transformed to proportions! 

 Extracting target genera: 
 [1] "Faecalibacterium"             "Agathobacter"                
 [3] "Blautia"                      "Bifidobacterium"             
 [5] "Fusicatenibacter"             "Roseburia"                   
 [7] "Corynebacterium_1"            "Lachnospira"                 
 [9] "Lactobacillus"                "Lachnospiraceae_ND3007_group"
[11] "Butyricicoccus"               "Porphyromonas"               
[13] "Prevotella"                   "Lachnospiraceae_UCG-004"     
[15] "Oscillospira"                
null device 
          1 
