[1] "Fri Jun 26 12:43:37 2020"
[1] ‘1.24.2’
[1] ‘1.2.1’
[1] ‘3.1.0’

 dataset1 phyloseq object summary: 
phyloseq-class experiment-level object
otu_table()   OTU Table:         [ 6844 taxa and 333 samples ]
sample_data() Sample Data:       [ 333 samples by 53 sample variables ]
tax_table()   Taxonomy Table:    [ 6844 taxa by 7 taxonomic ranks ]

 dataset2 phyloseq object summary: 
phyloseq-class experiment-level object
otu_table()   OTU Table:         [ 12198 taxa and 507 samples ]
sample_data() Sample Data:       [ 507 samples by 47 sample variables ]
tax_table()   Taxonomy Table:    [ 12198 taxa by 7 taxonomic ranks ]

 Joint phyloseq object summary: 
phyloseq-class experiment-level object
otu_table()   OTU Table:         [ 16682 taxa and 840 samples ]
sample_data() Sample Data:       [ 840 samples by 64 sample variables ]
tax_table()   Taxonomy Table:    [ 16682 taxa by 7 taxonomic ranks ]

 PD patient and control count for analysis: 

   Case Control 
    524     316 

 Geographic location count for analysis: 

    Albany,_NY    Atlanta,_GA Birmingham,_AL    Seattle,_WA 
           137             43            507            151 

 ASV counts transformed to centered log-ratio 
null device 
          1 

 ASV counts transformed to centered log-ratio 
null device 
          1 

 ASV counts transformed to centered log-ratio 
null device 
          1 
