[1] "Thu Jun 25 12:27:23 2020"
[1] ‘1.24.2’
[1] ‘2.1.3’

 Collapsing ASVs by Genus: 
phyloseq-class experiment-level object
otu_table()   OTU Table:         [ 561 taxa and 507 samples ]
sample_data() Sample Data:       [ 507 samples by 47 sample variables ]
tax_table()   Taxonomy Table:    [ 561 taxa by 7 taxonomic ranks ]
phy_tree()    Phylogenetic Tree: [ 561 tips and 560 internal nodes ]

 Genera counts transformed to proportions! 

 Removing unclassified groups: 
phyloseq-class experiment-level object
otu_table()   OTU Table:         [ 455 taxa and 507 samples ]
sample_data() Sample Data:       [ 507 samples by 47 sample variables ]
tax_table()   Taxonomy Table:    [ 455 taxa by 7 taxonomic ranks ]
phy_tree()    Phylogenetic Tree: [ 455 tips and 454 internal nodes ]

 Extracting Genera found in at least 10% of samples: 
phyloseq-class experiment-level object
otu_table()   OTU Table:         [ 163 taxa and 507 samples ]
sample_data() Sample Data:       [ 507 samples by 47 sample variables ]
tax_table()   Taxonomy Table:    [ 163 taxa by 7 taxonomic ranks ]
phy_tree()    Phylogenetic Tree: [ 163 tips and 162 internal nodes ]

 Case/control included in analysis: 

   Case Control 
    323     184 
