[1] "Thu Jun 25 12:27:24 2020"
[1] ‘1.24.2’
[1] ‘2.1.3’

 Collapsing ASVs by Genus: 
phyloseq-class experiment-level object
otu_table()   OTU Table:         [ 561 taxa and 507 samples ]
sample_data() Sample Data:       [ 507 samples by 47 sample variables ]
tax_table()   Taxonomy Table:    [ 561 taxa by 7 taxonomic ranks ]
phy_tree()    Phylogenetic Tree: [ 561 tips and 560 internal nodes ]

 Phyloseq object with partial cluster 1 added: 
phyloseq-class experiment-level object
otu_table()   OTU Table:         [ 547 taxa and 507 samples ]
sample_data() Sample Data:       [ 507 samples by 47 sample variables ]
tax_table()   Taxonomy Table:    [ 547 taxa by 7 taxonomic ranks ]

 Genera counts transformed to proportions! 

 Removing unclassified groups: 
phyloseq-class experiment-level object
otu_table()   OTU Table:         [ 442 taxa and 507 samples ]
sample_data() Sample Data:       [ 507 samples by 47 sample variables ]
tax_table()   Taxonomy Table:    [ 442 taxa by 7 taxonomic ranks ]

 Extracting Genera found in greater than 10% of samples: 
phyloseq-class experiment-level object
otu_table()   OTU Table:         [ 150 taxa and 507 samples ]
sample_data() Sample Data:       [ 507 samples by 47 sample variables ]
tax_table()   Taxonomy Table:    [ 150 taxa by 7 taxonomic ranks ]

 Case/control included in analysis: 

   Case Control 
    323     184 
