[1] "Thu Jun 25 12:25:48 2020"
[1] ‘1.24.2’
[1] ‘2.1.3’
[1] ‘0.8.3’

 Collapsing ASVs by Genus: 
phyloseq-class experiment-level object
otu_table()   OTU Table:         [ 445 taxa and 333 samples ]
sample_data() Sample Data:       [ 333 samples by 53 sample variables ]
tax_table()   Taxonomy Table:    [ 445 taxa by 7 taxonomic ranks ]
phy_tree()    Phylogenetic Tree: [ 445 tips and 444 internal nodes ]

 Phyloseq object with partial cluster 1 added: 
phyloseq-class experiment-level object
otu_table()   OTU Table:         [ 439 taxa and 333 samples ]
sample_data() Sample Data:       [ 333 samples by 53 sample variables ]
tax_table()   Taxonomy Table:    [ 439 taxa by 7 taxonomic ranks ]

 Case/control included in analysis: 

   Case Control 
    201     132 

 sex: 
         
          Female Male
  Case        66  133
  Control     80   52

 Case age: 
   Min. 1st Qu.  Median    Mean 3rd Qu.    Max.    NA's 
  44.00   61.50   69.00   68.33   74.00   94.00       2 

 Control age: 
   Min. 1st Qu.  Median    Mean 3rd Qu.    Max. 
  36.00   65.00   70.00   70.21   76.00   88.00 

 location: 
         
          Albany,_NY Atlanta,_GA Seattle,_WA
  Case            75          31          93
  Control         62          12          58

 Case stool travel time: 
   Min. 1st Qu.  Median    Mean 3rd Qu.    Max.    NA's 
  1.000   2.000   3.000   3.253   4.000  10.000      11 

 Control stool travel time: 
   Min. 1st Qu.  Median    Mean 3rd Qu.    Max.    NA's 
  1.000   2.000   2.000   2.643   3.000   8.000       3 

 digest problems day of stool collection: 
         
           No Yes
  Case     79 104
  Control  93  26

 fruits or vegetables daily: 
         
           No Yes
  Case     43 151
  Control  15 116

 Total case/control in analysis after NA filtering: 

   Case Control 
    171     117 

 Model being tested: 
[1] "Genus ~ case_control+sex+age+location+stool_travel_time+ssdigest_prob+fruits_or_vegetables_daily"
