[1] "Thu Jun 25 12:24:12 2020"
[1] ‘1.24.2’
[1] ‘2.1.3’

 Collapsing ASVs by Genus: 
phyloseq-class experiment-level object
otu_table()   OTU Table:         [ 445 taxa and 333 samples ]
sample_data() Sample Data:       [ 333 samples by 53 sample variables ]
tax_table()   Taxonomy Table:    [ 445 taxa by 7 taxonomic ranks ]
phy_tree()    Phylogenetic Tree: [ 445 tips and 444 internal nodes ]

 Genera counts transformed to proportions! 

 Removing unclassified groups: 
phyloseq-class experiment-level object
otu_table()   OTU Table:         [ 341 taxa and 333 samples ]
sample_data() Sample Data:       [ 333 samples by 53 sample variables ]
tax_table()   Taxonomy Table:    [ 341 taxa by 7 taxonomic ranks ]
phy_tree()    Phylogenetic Tree: [ 341 tips and 340 internal nodes ]

 Extracting Genera found in at least 10% of samples: 
phyloseq-class experiment-level object
otu_table()   OTU Table:         [ 109 taxa and 333 samples ]
sample_data() Sample Data:       [ 333 samples by 53 sample variables ]
tax_table()   Taxonomy Table:    [ 109 taxa by 7 taxonomic ranks ]
phy_tree()    Phylogenetic Tree: [ 109 tips and 108 internal nodes ]

 Case/control included in analysis: 

   Case Control 
    201     132 
