[1] "Thu Jun 25 12:25:48 2020"
[1] ‘1.24.2’
[1] ‘2.1.3’

 Collapsing ASVs by Genus: 
phyloseq-class experiment-level object
otu_table()   OTU Table:         [ 445 taxa and 333 samples ]
sample_data() Sample Data:       [ 333 samples by 53 sample variables ]
tax_table()   Taxonomy Table:    [ 445 taxa by 7 taxonomic ranks ]
phy_tree()    Phylogenetic Tree: [ 445 tips and 444 internal nodes ]

 Phyloseq object with partial cluster 1 added: 
phyloseq-class experiment-level object
otu_table()   OTU Table:         [ 439 taxa and 333 samples ]
sample_data() Sample Data:       [ 333 samples by 53 sample variables ]
tax_table()   Taxonomy Table:    [ 439 taxa by 7 taxonomic ranks ]

 Genera counts transformed to proportions! 

 Removing unclassified groups: 
phyloseq-class experiment-level object
otu_table()   OTU Table:         [ 335 taxa and 333 samples ]
sample_data() Sample Data:       [ 333 samples by 53 sample variables ]
tax_table()   Taxonomy Table:    [ 335 taxa by 7 taxonomic ranks ]

 Extracting Genera found in greater than 10% of samples: 
phyloseq-class experiment-level object
otu_table()   OTU Table:         [ 103 taxa and 333 samples ]
sample_data() Sample Data:       [ 333 samples by 53 sample variables ]
tax_table()   Taxonomy Table:    [ 103 taxa by 7 taxonomic ranks ]

 Case/control included in analysis: 

   Case Control 
    201     132 
