[1] "Thu Jun 25 12:23:41 2020"
[1] ‘1.24.2’
[1] ‘1.2.1’
[1] ‘2.5.3’
[1] ‘1.1’

 Phyloseq object summary: 
phyloseq-class experiment-level object
otu_table()   OTU Table:         [ 6844 taxa and 333 samples ]
sample_data() Sample Data:       [ 333 samples by 53 sample variables ]
tax_table()   Taxonomy Table:    [ 6844 taxa by 7 taxonomic ranks ]
phy_tree()    Phylogenetic Tree: [ 6844 tips and 6842 internal nodes ]

 Phylogenetic tree now rooted. Most abundant ASV used as root! 

 ASV counts transformed to proportions for Canberra and Generalized UniFrac distance calculation. 

 ASV counts transformed to centered log-ratio for Aitchison distance calculation. 

 PERMANOVA for PD vs control 

   Case Control 
    201     132 

 Results for PERMANOVA with Canberra distance: 
Permutation test for adonis under NA model
Marginal effects of terms
Permutation: free
Number of permutations: 99999

adonis2(formula = as.dist(canberra) ~ case_control, data = as(sample_data(ps), "data.frame"), permutations = 99999, by = "margin")
              Df SumOfSqs      R2      F Pr(>F)    
case_control   1    0.836 0.00571 1.9006  1e-05 ***
Residual     331  145.519 0.99429                  
Total        332  146.354 1.00000                  
---
Signif. codes:  0 ‘***’ 0.001 ‘**’ 0.01 ‘*’ 0.05 ‘.’ 0.1 ‘ ’ 1

 Results for PERMANOVA with Generalized UniFrac distance: 
Permutation test for adonis under NA model
Marginal effects of terms
Permutation: free
Number of permutations: 99999

adonis2(formula = as.dist(gen.unifrac) ~ case_control, data = as(sample_data(ps), "data.frame"), permutations = 99999, by = "margin")
              Df SumOfSqs     R2      F Pr(>F)    
case_control   1    0.654 0.0138 4.6302  1e-05 ***
Residual     331   46.725 0.9862                  
Total        332   47.379 1.0000                  
---
Signif. codes:  0 ‘***’ 0.001 ‘**’ 0.01 ‘*’ 0.05 ‘.’ 0.1 ‘ ’ 1

 Results for PERMANOVA with Aitchison distance: 
Permutation test for adonis under NA model
Marginal effects of terms
Permutation: free
Number of permutations: 99999

adonis2(formula = as.dist(aitchison) ~ case_control, data = as(sample_data(ps), "data.frame"), permutations = 99999, by = "margin")
              Df SumOfSqs      R2      F Pr(>F)    
case_control   1     3527 0.00706 2.3543  1e-05 ***
Residual     331   495911 0.99294                  
Total        332   499438 1.00000                  
---
Signif. codes:  0 ‘***’ 0.001 ‘**’ 0.01 ‘*’ 0.05 ‘.’ 0.1 ‘ ’ 1

 PERMANOVA for PD not on drugs vs control 

   Case Control 
      3     132 

 Results for PERMANOVA with Canberra distance: 
Permutation test for adonis under NA model
Marginal effects of terms
Permutation: free
Number of permutations: 99999

adonis2(formula = as.dist(canberra.sub) ~ case_control, data = as(sample_data(ps.sub), "data.frame"), permutations = 99999, by = "margin")
              Df SumOfSqs      R2      F  Pr(>F)  
case_control   1    0.479 0.00824 1.1048 0.05826 .
Residual     133   57.690 0.99176                 
Total        134   58.170 1.00000                 
---
Signif. codes:  0 ‘***’ 0.001 ‘**’ 0.01 ‘*’ 0.05 ‘.’ 0.1 ‘ ’ 1

 Results for PERMANOVA with Generalized UniFrac distance: 
Permutation test for adonis under NA model
Marginal effects of terms
Permutation: free
Number of permutations: 99999

adonis2(formula = as.dist(gen.unifrac.sub) ~ case_control, data = as(sample_data(ps.sub), "data.frame"), permutations = 99999, by = "margin")
              Df SumOfSqs      R2      F Pr(>F)
case_control   1   0.1612 0.00887 1.1898 0.2212
Residual     133  18.0234 0.99113              
Total        134  18.1847 1.00000              

 Results for PERMANOVA with Aitchison distance: 
Permutation test for adonis under NA model
Marginal effects of terms
Permutation: free
Number of permutations: 99999

adonis2(formula = as.dist(aitchison.sub) ~ case_control, data = as(sample_data(ps.sub), "data.frame"), permutations = 99999, by = "margin")
              Df SumOfSqs      R2      F  Pr(>F)  
case_control   1     2006 0.01044 1.4034 0.07002 .
Residual     133   190132 0.98956                 
Total        134   192138 1.00000                 
---
Signif. codes:  0 ‘***’ 0.001 ‘**’ 0.01 ‘*’ 0.05 ‘.’ 0.1 ‘ ’ 1

 PERMANOVA for PD not on Ldopa vs control 

   Case Control 
     17     132 

 Results for PERMANOVA with Canberra distance: 
Permutation test for adonis under NA model
Marginal effects of terms
Permutation: free
Number of permutations: 99999

adonis2(formula = as.dist(canberra.sub) ~ case_control, data = as(sample_data(ps.sub), "data.frame"), permutations = 99999, by = "margin")
              Df SumOfSqs      R2      F  Pr(>F)  
case_control   1    0.499 0.00776 1.1494 0.01754 *
Residual     147   63.816 0.99224                 
Total        148   64.315 1.00000                 
---
Signif. codes:  0 ‘***’ 0.001 ‘**’ 0.01 ‘*’ 0.05 ‘.’ 0.1 ‘ ’ 1

 Results for PERMANOVA with Generalized UniFrac distance: 
Permutation test for adonis under NA model
Marginal effects of terms
Permutation: free
Number of permutations: 99999

adonis2(formula = as.dist(gen.unifrac.sub) ~ case_control, data = as(sample_data(ps.sub), "data.frame"), permutations = 99999, by = "margin")
              Df SumOfSqs      R2      F  Pr(>F)  
case_control   1   0.2282 0.01121 1.6668 0.03884 *
Residual     147  20.1227 0.98879                 
Total        148  20.3509 1.00000                 
---
Signif. codes:  0 ‘***’ 0.001 ‘**’ 0.01 ‘*’ 0.05 ‘.’ 0.1 ‘ ’ 1

 Results for PERMANOVA with Aitchison distance: 
Permutation test for adonis under NA model
Marginal effects of terms
Permutation: free
Number of permutations: 99999

adonis2(formula = as.dist(aitchison.sub) ~ case_control, data = as(sample_data(ps.sub), "data.frame"), permutations = 99999, by = "margin")
              Df SumOfSqs      R2      F  Pr(>F)  
case_control   1     1990 0.00934 1.3866 0.01378 *
Residual     147   210912 0.99066                 
Total        148   212901 1.00000                 
---
Signif. codes:  0 ‘***’ 0.001 ‘**’ 0.01 ‘*’ 0.05 ‘.’ 0.1 ‘ ’ 1

 PERMANOVA for PD not on COMT vs control 

   Case Control 
    150     132 

 Results for PERMANOVA with Canberra distance: 
Permutation test for adonis under NA model
Marginal effects of terms
Permutation: free
Number of permutations: 99999

adonis2(formula = as.dist(canberra.sub) ~ case_control, data = as(sample_data(ps.sub), "data.frame"), permutations = 99999, by = "margin")
              Df SumOfSqs      R2      F Pr(>F)    
case_control   1    0.694 0.00563 1.5867  1e-05 ***
Residual     280  122.491 0.99437                  
Total        281  123.185 1.00000                  
---
Signif. codes:  0 ‘***’ 0.001 ‘**’ 0.01 ‘*’ 0.05 ‘.’ 0.1 ‘ ’ 1

 Results for PERMANOVA with Generalized UniFrac distance: 
Permutation test for adonis under NA model
Marginal effects of terms
Permutation: free
Number of permutations: 99999

adonis2(formula = as.dist(gen.unifrac.sub) ~ case_control, data = as(sample_data(ps.sub), "data.frame"), permutations = 99999, by = "margin")
              Df SumOfSqs      R2      F Pr(>F)    
case_control   1    0.499 0.01266 3.5897  2e-05 ***
Residual     280   38.944 0.98734                  
Total        281   39.443 1.00000                  
---
Signif. codes:  0 ‘***’ 0.001 ‘**’ 0.01 ‘*’ 0.05 ‘.’ 0.1 ‘ ’ 1

 Results for PERMANOVA with Aitchison distance: 
Permutation test for adonis under NA model
Marginal effects of terms
Permutation: free
Number of permutations: 99999

adonis2(formula = as.dist(aitchison.sub) ~ case_control, data = as(sample_data(ps.sub), "data.frame"), permutations = 99999, by = "margin")
              Df SumOfSqs      R2      F Pr(>F)    
case_control   1     2744 0.00655 1.8455  9e-05 ***
Residual     280   416399 0.99345                  
Total        281   419144 1.00000                  
---
Signif. codes:  0 ‘***’ 0.001 ‘**’ 0.01 ‘*’ 0.05 ‘.’ 0.1 ‘ ’ 1

 PERMANOVA for PD not on Anticholinergics vs control 

   Case Control 
    179     132 

 Results for PERMANOVA with Canberra distance: 
Permutation test for adonis under NA model
Marginal effects of terms
Permutation: free
Number of permutations: 99999

adonis2(formula = as.dist(canberra.sub) ~ case_control, data = as(sample_data(ps.sub), "data.frame"), permutations = 99999, by = "margin")
              Df SumOfSqs     R2      F Pr(>F)    
case_control   1    0.791 0.0058 1.8013  1e-05 ***
Residual     309  135.740 0.9942                  
Total        310  136.531 1.0000                  
---
Signif. codes:  0 ‘***’ 0.001 ‘**’ 0.01 ‘*’ 0.05 ‘.’ 0.1 ‘ ’ 1

 Results for PERMANOVA with Generalized UniFrac distance: 
Permutation test for adonis under NA model
Marginal effects of terms
Permutation: free
Number of permutations: 99999

adonis2(formula = as.dist(gen.unifrac.sub) ~ case_control, data = as(sample_data(ps.sub), "data.frame"), permutations = 99999, by = "margin")
              Df SumOfSqs     R2      F Pr(>F)    
case_control   1    0.575 0.0131 4.1019  1e-05 ***
Residual     309   43.297 0.9869                  
Total        310   43.871 1.0000                  
---
Signif. codes:  0 ‘***’ 0.001 ‘**’ 0.01 ‘*’ 0.05 ‘.’ 0.1 ‘ ’ 1

 Results for PERMANOVA with Aitchison distance: 
Permutation test for adonis under NA model
Marginal effects of terms
Permutation: free
Number of permutations: 99999

adonis2(formula = as.dist(aitchison.sub) ~ case_control, data = as(sample_data(ps.sub), "data.frame"), permutations = 99999, by = "margin")
              Df SumOfSqs      R2      F Pr(>F)    
case_control   1     3353 0.00725 2.2563  1e-05 ***
Residual     309   459229 0.99275                  
Total        310   462583 1.00000                  
---
Signif. codes:  0 ‘***’ 0.001 ‘**’ 0.01 ‘*’ 0.05 ‘.’ 0.1 ‘ ’ 1

 PERMANOVA for PD not on MAO-B inhibitors vs control 

   Case Control 
    116     132 

 Results for PERMANOVA with Canberra distance: 
Permutation test for adonis under NA model
Marginal effects of terms
Permutation: free
Number of permutations: 99999

adonis2(formula = as.dist(canberra.sub) ~ case_control, data = as(sample_data(ps.sub), "data.frame"), permutations = 99999, by = "margin")
              Df SumOfSqs      R2      F Pr(>F)    
case_control   1    0.721 0.00664 1.6444  1e-05 ***
Residual     246  107.793 0.99336                  
Total        247  108.514 1.00000                  
---
Signif. codes:  0 ‘***’ 0.001 ‘**’ 0.01 ‘*’ 0.05 ‘.’ 0.1 ‘ ’ 1

 Results for PERMANOVA with Generalized UniFrac distance: 
Permutation test for adonis under NA model
Marginal effects of terms
Permutation: free
Number of permutations: 99999

adonis2(formula = as.dist(gen.unifrac.sub) ~ case_control, data = as(sample_data(ps.sub), "data.frame"), permutations = 99999, by = "margin")
              Df SumOfSqs      R2      F Pr(>F)    
case_control   1    0.521 0.01501 3.7483  3e-05 ***
Residual     246   34.188 0.98499                  
Total        247   34.709 1.00000                  
---
Signif. codes:  0 ‘***’ 0.001 ‘**’ 0.01 ‘*’ 0.05 ‘.’ 0.1 ‘ ’ 1

 Results for PERMANOVA with Aitchison distance: 
Permutation test for adonis under NA model
Marginal effects of terms
Permutation: free
Number of permutations: 99999

adonis2(formula = as.dist(aitchison.sub) ~ case_control, data = as(sample_data(ps.sub), "data.frame"), permutations = 99999, by = "margin")
              Df SumOfSqs     R2      F Pr(>F)    
case_control   1     2951 0.0081 2.0096  1e-05 ***
Residual     246   361184 0.9919                  
Total        247   364135 1.0000                  
---
Signif. codes:  0 ‘***’ 0.001 ‘**’ 0.01 ‘*’ 0.05 ‘.’ 0.1 ‘ ’ 1

 PERMANOVA for PD not on dopamine agonists vs control 

   Case Control 
     88     132 

 Results for PERMANOVA with Canberra distance: 
Permutation test for adonis under NA model
Marginal effects of terms
Permutation: free
Number of permutations: 99999

adonis2(formula = as.dist(canberra.sub) ~ case_control, data = as(sample_data(ps.sub), "data.frame"), permutations = 99999, by = "margin")
              Df SumOfSqs      R2      F Pr(>F)    
case_control   1    0.670 0.00696 1.5273  1e-05 ***
Residual     218   95.582 0.99304                  
Total        219   96.252 1.00000                  
---
Signif. codes:  0 ‘***’ 0.001 ‘**’ 0.01 ‘*’ 0.05 ‘.’ 0.1 ‘ ’ 1

 Results for PERMANOVA with Generalized UniFrac distance: 
Permutation test for adonis under NA model
Marginal effects of terms
Permutation: free
Number of permutations: 99999

adonis2(formula = as.dist(gen.unifrac.sub) ~ case_control, data = as(sample_data(ps.sub), "data.frame"), permutations = 99999, by = "margin")
              Df SumOfSqs      R2      F Pr(>F)    
case_control   1   0.4675 0.01507 3.3362  3e-05 ***
Residual     218  30.5459 0.98493                  
Total        219  31.0133 1.00000                  
---
Signif. codes:  0 ‘***’ 0.001 ‘**’ 0.01 ‘*’ 0.05 ‘.’ 0.1 ‘ ’ 1

 Results for PERMANOVA with Aitchison distance: 
Permutation test for adonis under NA model
Marginal effects of terms
Permutation: free
Number of permutations: 99999

adonis2(formula = as.dist(aitchison.sub) ~ case_control, data = as(sample_data(ps.sub), "data.frame"), permutations = 99999, by = "margin")
              Df SumOfSqs     R2      F  Pr(>F)    
case_control   1     2626 0.0081 1.7801 0.00016 ***
Residual     218   321570 0.9919                   
Total        219   324196 1.0000                   
---
Signif. codes:  0 ‘***’ 0.001 ‘**’ 0.01 ‘*’ 0.05 ‘.’ 0.1 ‘ ’ 1

 PERMANOVA for PD not on amantadine vs control 

   Case Control 
    138     132 

 Results for PERMANOVA with Canberra distance: 
Permutation test for adonis under NA model
Marginal effects of terms
Permutation: free
Number of permutations: 99999

adonis2(formula = as.dist(canberra.sub) ~ case_control, data = as(sample_data(ps.sub), "data.frame"), permutations = 99999, by = "margin")
              Df SumOfSqs      R2      F Pr(>F)    
case_control   1    0.707 0.00598 1.6132  1e-05 ***
Residual     268  117.527 0.99402                  
Total        269  118.235 1.00000                  
---
Signif. codes:  0 ‘***’ 0.001 ‘**’ 0.01 ‘*’ 0.05 ‘.’ 0.1 ‘ ’ 1

 Results for PERMANOVA with Generalized UniFrac distance: 
Permutation test for adonis under NA model
Marginal effects of terms
Permutation: free
Number of permutations: 99999

adonis2(formula = as.dist(gen.unifrac.sub) ~ case_control, data = as(sample_data(ps.sub), "data.frame"), permutations = 99999, by = "margin")
              Df SumOfSqs      R2      F Pr(>F)    
case_control   1    0.523 0.01369 3.7191  1e-05 ***
Residual     268   37.690 0.98631                  
Total        269   38.213 1.00000                  
---
Signif. codes:  0 ‘***’ 0.001 ‘**’ 0.01 ‘*’ 0.05 ‘.’ 0.1 ‘ ’ 1

 Results for PERMANOVA with Aitchison distance: 
Permutation test for adonis under NA model
Marginal effects of terms
Permutation: free
Number of permutations: 99999

adonis2(formula = as.dist(aitchison.sub) ~ case_control, data = as(sample_data(ps.sub), "data.frame"), permutations = 99999, by = "margin")
              Df SumOfSqs      R2      F Pr(>F)    
case_control   1     2892 0.00734 1.9811  3e-05 ***
Residual     268   391233 0.99266                  
Total        269   394125 1.00000                  
---
Signif. codes:  0 ‘***’ 0.001 ‘**’ 0.01 ‘*’ 0.05 ‘.’ 0.1 ‘ ’ 1
